[2018-04-20 18:53:17.243] [exthost1] [info] extension host started
[2018-04-20 18:53:17.258] [exthost1] [info] ExtensionService#_doActivateExtension vscode.emmet {"startup":true,"activationEvent":"*"}
[2018-04-20 18:53:17.259] [exthost1] [info] ExtensionService#loadCommonJSModule /usr/share/code/resources/app/extensions/emmet/out/extension
[2018-04-20 18:53:17.302] [exthost1] [info] ExtensionService#_doActivateExtension vscode.git {"startup":true,"activationEvent":"*"}
[2018-04-20 18:53:17.302] [exthost1] [info] ExtensionService#loadCommonJSModule /usr/share/code/resources/app/extensions/git/out/main
[2018-04-20 18:53:17.438] [exthost1] [info] ExtensionService#_doActivateExtension vscode.merge-conflict {"startup":true,"activationEvent":"*"}
[2018-04-20 18:53:17.438] [exthost1] [info] ExtensionService#loadCommonJSModule /usr/share/code/resources/app/extensions/merge-conflict/out/extension
[2018-04-20 18:53:17.447] [exthost1] [info] ExtensionService#_doActivateExtension humy2833.ftp-simple {"startup":true,"activationEvent":"*"}
[2018-04-20 18:53:17.447] [exthost1] [info] ExtensionService#loadCommonJSModule /root/.vscode/extensions/humy2833.ftp-simple-0.6.3/extension
[2018-04-20 18:53:17.697] [exthost1] [info] ExtensionService#_doActivateExtension ritwickdey.LiveServer {"startup":true,"activationEvent":"*"}
[2018-04-20 18:53:17.697] [exthost1] [info] ExtensionService#loadCommonJSModule /root/.vscode/extensions/ritwickdey.liveserver-3.2.1/out/src/extension
[2018-04-20 18:53:17.808] [exthost1] [info] eager extensions activated
[2018-04-20 18:53:28.406] [exthost1] [info] extension host started
[2018-04-20 18:53:28.431] [exthost1] [info] ExtensionService#_doActivateExtension vscode.emmet {"startup":true,"activationEvent":"*"}
[2018-04-20 18:53:28.431] [exthost1] [info] ExtensionService#loadCommonJSModule /usr/share/code/resources/app/extensions/emmet/out/extension
[2018-04-20 18:53:28.478] [exthost1] [info] ExtensionService#_doActivateExtension vscode.git {"startup":true,"activationEvent":"*"}
[2018-04-20 18:53:28.478] [exthost1] [info] ExtensionService#loadCommonJSModule /usr/share/code/resources/app/extensions/git/out/main
[2018-04-20 18:53:28.612] [exthost1] [info] ExtensionService#_doActivateExtension vscode.merge-conflict {"startup":true,"activationEvent":"*"}
[2018-04-20 18:53:28.612] [exthost1] [info] ExtensionService#loadCommonJSModule /usr/share/code/resources/app/extensions/merge-conflict/out/extension
[2018-04-20 18:53:28.622] [exthost1] [info] ExtensionService#_doActivateExtension humy2833.ftp-simple {"startup":true,"activationEvent":"*"}
[2018-04-20 18:53:28.622] [exthost1] [info] ExtensionService#loadCommonJSModule /root/.vscode/extensions/humy2833.ftp-simple-0.6.3/extension
[2018-04-20 18:53:28.869] [exthost1] [info] ExtensionService#_doActivateExtension ritwickdey.LiveServer {"startup":true,"activationEvent":"*"}
[2018-04-20 18:53:28.869] [exthost1] [info] ExtensionService#loadCommonJSModule /root/.vscode/extensions/ritwickdey.liveserver-3.2.1/out/src/extension
[2018-04-20 18:53:29.207] [exthost1] [info] eager extensions activated
[2018-04-20 18:53:33.783] [exthost1] [info] ExtensionService#_doActivateExtension vscode.html-language-features {"startup":false,"activationEvent":"onLanguage:html"}
[2018-04-20 18:53:33.783] [exthost1] [info] ExtensionService#loadCommonJSModule /usr/share/code/resources/app/extensions/html-language-features/client/out/htmlMain
[2018-04-20 18:58:05.742] [exthost1] [info] ExtensionService#_doActivateExtension JakeWilson.vscode-cdnjs {"startup":false,"activationEvent":"onCommand:cdnjs.clearCache"}
[2018-04-20 18:58:05.742] [exthost1] [info] ExtensionService#loadCommonJSModule /root/.vscode/extensions/JakeWilson.vscode-cdnjs-0.14.3/extension.js
[2018-04-20 19:10:17.966] [exthost1] [info] ExtensionService#_doActivateExtension vscode.configuration-editing {"startup":false,"activationEvent":"onLanguage:json"}
[2018-04-20 19:10:17.966] [exthost1] [info] ExtensionService#loadCommonJSModule /usr/share/code/resources/app/extensions/configuration-editing/out/extension
[2018-04-20 19:10:17.988] [exthost1] [info] ExtensionService#_doActivateExtension vscode.extension-editing {"startup":false,"activationEvent":"onLanguage:json"}
[2018-04-20 19:10:17.988] [exthost1] [info] ExtensionService#loadCommonJSModule /usr/share/code/resources/app/extensions/extension-editing/out/extension
[2018-04-20 19:10:18.070] [exthost1] [info] ExtensionService#_doActivateExtension vscode.json-language-features {"startup":false,"activationEvent":"onLanguage:json"}
[2018-04-20 19:10:18.070] [exthost1] [info] ExtensionService#loadCommonJSModule /usr/share/code/resources/app/extensions/json-language-features/client/out/jsonMain
[2018-04-20 19:10:18.213] [exthost1] [info] ExtensionService#_doActivateExtension vscode.npm {"startup":false,"activationEvent":"onLanguage:json"}
[2018-04-20 19:10:18.213] [exthost1] [info] ExtensionService#loadCommonJSModule /usr/share/code/resources/app/extensions/npm/out/main
